<?xml version="1.0" encoding="UTF-8"?>
<!-- Generated by org.testng.reporters.JUnitReportReporter -->
<testsuite skipped="0" hostname="Lenovo-PC" name="com.fta.handson.selenium.testng.earlier.miscellaneous.UnderstandTestAttributesTest" tests="1" failures="0" timestamp="2022-04-07T07:50:32 IST" time="0.014" errors="0">
  <testcase name="teslaDomianTest" time="0.014" classname="com.fta.handson.selenium.testng.earlier.miscellaneous.UnderstandTestAttributesTest"/>
  <system-out/>
</testsuite> <!-- com.fta.handson.selenium.testng.earlier.miscellaneous.UnderstandTestAttributesTest -->
