<?xml version="1.0" encoding="UTF-8"?>
<!-- Generated by org.testng.reporters.JUnitReportReporter -->
<testsuite skipped="0" hostname="Lenovo-PC" name="com.fta.handson.selenium.testng.earlier.miscellaneous.LoginTests" tests="2" failures="0" timestamp="2022-04-07T07:18:44 IST" time="81.500" errors="0">
  <testcase name="sauceLabsLoginTest" time="25.719" classname="com.fta.handson.selenium.testng.earlier.miscellaneous.LoginTests"/>
  <system-out/>
  <testcase name="orangeHRMLoginTest" time="55.781" classname="com.fta.handson.selenium.testng.earlier.miscellaneous.LoginTests"/>
  <system-out/>
</testsuite> <!-- com.fta.handson.selenium.testng.earlier.miscellaneous.LoginTests -->
